<?xml version="1.0" encoding="UTF-8"?>
<coverage generated="1728492510651" clover="3.2.0">
  <project timestamp="1728492510651" name="All files">
    <metrics statements="9" coveredstatements="9" conditionals="8" coveredconditionals="7" methods="1" coveredmethods="1" elements="18" coveredelements="17" complexity="0" loc="9" ncloc="9" packages="1" files="1" classes="1"/>
    <file name="index.js" path="C:\Users\nikit\OneDrive\Рабочий стол\Pure functions\src\index.js">
      <metrics statements="9" coveredstatements="9" conditionals="8" coveredconditionals="7" methods="1" coveredmethods="1"/>
      <line num="1" count="1" type="stmt"/>
      <line num="6" count="1" type="stmt"/>
      <line num="11" count="1" type="stmt"/>
      <line num="17" count="3" type="cond" truecount="2" falsecount="0"/>
      <line num="18" count="1" type="stmt"/>
      <line num="19" count="2" type="cond" truecount="4" falsecount="0"/>
      <line num="20" count="1" type="stmt"/>
      <line num="21" count="1" type="cond" truecount="1" falsecount="1"/>
      <line num="22" count="1" type="stmt"/>
    </file>
  </project>
</coverage>
